

SENTIMENT ANALYSIS MODEL TRAINING REPORT



Dataset Split:
  Training samples: 11993
  Test samples: 2999

Training Sentiment Distribution:
sentiment
positive    5640
negative    4764
neutral     1589
Name: count, dtype: int64

Text Vectorization:
  Feature matrix shape: (11993, 5000)
  Vocabulary size: 5000 unique terms

Model Configuration:
  Algorithm: LogisticRegression
  Classes: ['negative', 'neutral', 'positive']
  Total predictions made: 2999


MODEL PERFORMANCE METRICS



Classification Report:
              precision    recall  f1-score   support

    negative       0.83      0.92      0.87      1192
     neutral       0.57      0.11      0.19       397
    positive       0.81      0.92      0.86      1410

    accuracy                           0.81      2999
   macro avg       0.74      0.65      0.64      2999
weighted avg       0.79      0.81      0.78      2999

Overall Accuracy Score: 0.8116 (81.16%)

Confusion Matrix:
[[1092   12   88]
 [ 134   45  218]
 [  91   22 1297]]

Interpretation: [True Negatives, False Positives]
                [False Negatives, True Positives]


Sentiment Distribution Comparison:



Predicted sentiment distribution:
positive    1603
negative    1317
neutral       79
Name: count, dtype: int64

Actual sentiment distribution:
sentiment
positive    1410
negative    1192
neutral      397
Name: count, dtype: int64
